  MOPSO.cpp
d:\毕设相关\final-version\all-code-related-paper\all-code-related-paper\mopso.cpp(43): warning C4018: “<”: 有符号/无符号不匹配
d:\毕设相关\final-version\all-code-related-paper\all-code-related-paper\mopso.cpp(52): warning C4018: “<”: 有符号/无符号不匹配
d:\毕设相关\final-version\all-code-related-paper\all-code-related-paper\mopso.cpp(83): warning C4018: “<”: 有符号/无符号不匹配
d:\毕设相关\final-version\all-code-related-paper\all-code-related-paper\mopso.cpp(146): warning C4018: “<”: 有符号/无符号不匹配
d:\毕设相关\final-version\all-code-related-paper\all-code-related-paper\mopso.cpp(165): warning C4018: “<”: 有符号/无符号不匹配
d:\毕设相关\final-version\all-code-related-paper\all-code-related-paper\mopso.cpp(213): warning C4018: “<”: 有符号/无符号不匹配
d:\毕设相关\final-version\all-code-related-paper\all-code-related-paper\mopso.cpp(239): warning C4018: “<”: 有符号/无符号不匹配
d:\毕设相关\final-version\all-code-related-paper\all-code-related-paper\mopso.cpp(257): warning C4018: “<”: 有符号/无符号不匹配
d:\毕设相关\final-version\all-code-related-paper\all-code-related-paper\mopso.cpp(276): warning C4018: “<”: 有符号/无符号不匹配
d:\毕设相关\final-version\all-code-related-paper\all-code-related-paper\mopso.cpp(295): warning C4018: “<”: 有符号/无符号不匹配
d:\毕设相关\final-version\all-code-related-paper\all-code-related-paper\mopso.cpp(338): warning C4018: “<”: 有符号/无符号不匹配
d:\毕设相关\final-version\all-code-related-paper\all-code-related-paper\mopso.cpp(358): warning C4018: “<”: 有符号/无符号不匹配
d:\毕设相关\final-version\all-code-related-paper\all-code-related-paper\mopso.cpp(410): warning C4018: “<”: 有符号/无符号不匹配
d:\毕设相关\final-version\all-code-related-paper\all-code-related-paper\mopso.cpp(420): warning C4018: “<”: 有符号/无符号不匹配
d:\毕设相关\final-version\all-code-related-paper\all-code-related-paper\mopso.cpp(425): warning C4244: “初始化”: 从“double”转换到“int”，可能丢失数据
d:\毕设相关\final-version\all-code-related-paper\all-code-related-paper\mopso.cpp(427): warning C4244: “初始化”: 从“double”转换到“int”，可能丢失数据
d:\毕设相关\final-version\all-code-related-paper\all-code-related-paper\mopso.cpp(445): warning C4018: “<”: 有符号/无符号不匹配
d:\毕设相关\final-version\all-code-related-paper\all-code-related-paper\mopso.cpp(455): warning C4018: “<”: 有符号/无符号不匹配
d:\毕设相关\final-version\all-code-related-paper\all-code-related-paper\mopso.cpp(460): warning C4244: “初始化”: 从“double”转换到“int”，可能丢失数据
d:\毕设相关\final-version\all-code-related-paper\all-code-related-paper\mopso.cpp(462): warning C4244: “初始化”: 从“double”转换到“int”，可能丢失数据
d:\毕设相关\final-version\all-code-related-paper\all-code-related-paper\mopso.cpp(491): warning C4018: “<”: 有符号/无符号不匹配
d:\毕设相关\final-version\all-code-related-paper\all-code-related-paper\mopso.cpp(553): warning C4018: “<”: 有符号/无符号不匹配
d:\毕设相关\final-version\all-code-related-paper\all-code-related-paper\mopso.cpp(555): warning C4018: “<”: 有符号/无符号不匹配
d:\毕设相关\final-version\all-code-related-paper\all-code-related-paper\mopso.cpp(556): warning C4018: “<”: 有符号/无符号不匹配
d:\毕设相关\final-version\all-code-related-paper\all-code-related-paper\mopso.cpp(584): warning C4018: “<”: 有符号/无符号不匹配
d:\毕设相关\final-version\all-code-related-paper\all-code-related-paper\mopso.cpp(586): warning C4018: “<”: 有符号/无符号不匹配
d:\毕设相关\final-version\all-code-related-paper\all-code-related-paper\mopso.cpp(587): warning C4018: “<”: 有符号/无符号不匹配
d:\毕设相关\final-version\all-code-related-paper\all-code-related-paper\mopso.cpp(609): warning C4018: “<”: 有符号/无符号不匹配
d:\毕设相关\final-version\all-code-related-paper\all-code-related-paper\mopso.cpp(760): warning C4018: “<”: 有符号/无符号不匹配
d:\毕设相关\final-version\all-code-related-paper\all-code-related-paper\mopso.cpp(766): warning C4018: “<”: 有符号/无符号不匹配
d:\毕设相关\final-version\all-code-related-paper\all-code-related-paper\mopso.cpp(771): warning C4018: “<”: 有符号/无符号不匹配
d:\毕设相关\final-version\all-code-related-paper\all-code-related-paper\mopso.cpp(876): warning C4018: “<”: 有符号/无符号不匹配
d:\毕设相关\final-version\all-code-related-paper\all-code-related-paper\mopso.cpp(882): warning C4018: “<”: 有符号/无符号不匹配
d:\毕设相关\final-version\all-code-related-paper\all-code-related-paper\mopso.cpp(887): warning C4018: “<”: 有符号/无符号不匹配
d:\毕设相关\final-version\all-code-related-paper\all-code-related-paper\mopso.cpp(923): warning C4018: “<”: 有符号/无符号不匹配
d:\毕设相关\final-version\all-code-related-paper\all-code-related-paper\mopso.cpp(925): warning C4018: “<”: 有符号/无符号不匹配
d:\毕设相关\final-version\all-code-related-paper\all-code-related-paper\mopso.cpp(994): warning C4018: “<”: 有符号/无符号不匹配
d:\毕设相关\final-version\all-code-related-paper\all-code-related-paper\mopso.cpp(1161): warning C4018: “<”: 有符号/无符号不匹配
d:\毕设相关\final-version\all-code-related-paper\all-code-related-paper\mopso.cpp(1163): warning C4018: “<”: 有符号/无符号不匹配
d:\毕设相关\final-version\all-code-related-paper\all-code-related-paper\mopso.cpp(1200): warning C4018: “<”: 有符号/无符号不匹配
d:\毕设相关\final-version\all-code-related-paper\all-code-related-paper\mopso.cpp(1313): warning C4018: “<”: 有符号/无符号不匹配
d:\毕设相关\final-version\all-code-related-paper\all-code-related-paper\mopso.cpp(1318): warning C4018: “<”: 有符号/无符号不匹配
d:\毕设相关\final-version\all-code-related-paper\all-code-related-paper\mopso.cpp(1382): warning C4018: “<”: 有符号/无符号不匹配
d:\毕设相关\final-version\all-code-related-paper\all-code-related-paper\mopso.cpp(1580): warning C4018: “<”: 有符号/无符号不匹配
d:\毕设相关\final-version\all-code-related-paper\all-code-related-paper\mopso.cpp(1585): warning C4018: “<”: 有符号/无符号不匹配
d:\毕设相关\final-version\all-code-related-paper\all-code-related-paper\mopso.cpp(1658): warning C4018: “<”: 有符号/无符号不匹配
d:\毕设相关\final-version\all-code-related-paper\all-code-related-paper\mopso.cpp(1663): warning C4018: “<”: 有符号/无符号不匹配
d:\毕设相关\final-version\all-code-related-paper\all-code-related-paper\mopso.cpp(1737): warning C4018: “<”: 有符号/无符号不匹配
d:\毕设相关\final-version\all-code-related-paper\all-code-related-paper\mopso.cpp(1829): warning C4018: “<”: 有符号/无符号不匹配
d:\毕设相关\final-version\all-code-related-paper\all-code-related-paper\mopso.cpp(2100): warning C4018: “<”: 有符号/无符号不匹配
d:\毕设相关\final-version\all-code-related-paper\all-code-related-paper\mopso.cpp(2146): warning C4018: “<”: 有符号/无符号不匹配
d:\毕设相关\final-version\all-code-related-paper\all-code-related-paper\mopso.cpp(2205): warning C4018: “<”: 有符号/无符号不匹配
d:\毕设相关\final-version\all-code-related-paper\all-code-related-paper\mopso.cpp(2222): warning C4018: “<”: 有符号/无符号不匹配
  main.cpp
  正在生成代码
  83 of 2561 functions ( 3.2%) were compiled, the rest were copied from previous compilation.
    42 functions were new in current compilation
    60 functions had inline decision re-evaluated but remain unchanged
  已完成代码的生成
  all-code-related-paper.vcxproj -> D:\毕设相关\final-version\all-code-related-paper\Release\all-code-related-paper.exe
